Determining if the pthread_create exist failed with the following output:
Change Dir: /home/elias/3140gruppeoppgave/crust_ws/build/CMakeFiles/CMakeTmp

Run Build Command:"/usr/bin/make" "cmTC_04e38/fast"
/usr/bin/make -f CMakeFiles/cmTC_04e38.dir/build.make CMakeFiles/cmTC_04e38.dir/build
make[1]: Entering directory '/home/elias/3140gruppeoppgave/crust_ws/build/CMakeFiles/CMakeTmp'
Building C object CMakeFiles/cmTC_04e38.dir/CheckSymbolExists.c.o
/usr/bin/cc    -o CMakeFiles/cmTC_04e38.dir/CheckSymbolExists.c.o   -c /home/elias/3140gruppeoppgave/crust_ws/build/CMakeFiles/CMakeTmp/CheckSymbolExists.c
Linking C executable cmTC_04e38
/usr/bin/cmake -E cmake_link_script CMakeFiles/cmTC_04e38.dir/link.txt --verbose=1
/usr/bin/cc      -rdynamic CMakeFiles/cmTC_04e38.dir/CheckSymbolExists.c.o  -o cmTC_04e38 
CMakeFiles/cmTC_04e38.dir/CheckSymbolExists.c.o: In function `main':
CheckSymbolExists.c:(.text+0x1b): undefined reference to `pthread_create'
collect2: error: ld returned 1 exit status
CMakeFiles/cmTC_04e38.dir/build.make:97: recipe for target 'cmTC_04e38' failed
make[1]: *** [cmTC_04e38] Error 1
make[1]: Leaving directory '/home/elias/3140gruppeoppgave/crust_ws/build/CMakeFiles/CMakeTmp'
Makefile:126: recipe for target 'cmTC_04e38/fast' failed
make: *** [cmTC_04e38/fast] Error 2

File /home/elias/3140gruppeoppgave/crust_ws/build/CMakeFiles/CMakeTmp/CheckSymbolExists.c:
/* */
#include <pthread.h>

int main(int argc, char** argv)
{
  (void)argv;
#ifndef pthread_create
  return ((int*)(&pthread_create))[argc];
#else
  (void)argc;
  return 0;
#endif
}

Determining if the function pthread_create exists in the pthreads failed with the following output:
Change Dir: /home/elias/3140gruppeoppgave/crust_ws/build/CMakeFiles/CMakeTmp

Run Build Command:"/usr/bin/make" "cmTC_8865d/fast"
/usr/bin/make -f CMakeFiles/cmTC_8865d.dir/build.make CMakeFiles/cmTC_8865d.dir/build
make[1]: Entering directory '/home/elias/3140gruppeoppgave/crust_ws/build/CMakeFiles/CMakeTmp'
Building C object CMakeFiles/cmTC_8865d.dir/CheckFunctionExists.c.o
/usr/bin/cc   -DCHECK_FUNCTION_EXISTS=pthread_create   -o CMakeFiles/cmTC_8865d.dir/CheckFunctionExists.c.o   -c /usr/share/cmake-3.10/Modules/CheckFunctionExists.c
Linking C executable cmTC_8865d
/usr/bin/cmake -E cmake_link_script CMakeFiles/cmTC_8865d.dir/link.txt --verbose=1
/usr/bin/cc  -DCHECK_FUNCTION_EXISTS=pthread_create    -rdynamic CMakeFiles/cmTC_8865d.dir/CheckFunctionExists.c.o  -o cmTC_8865d -lpthreads 
/usr/bin/ld: cannot find -lpthreads
collect2: error: ld returned 1 exit status
CMakeFiles/cmTC_8865d.dir/build.make:97: recipe for target 'cmTC_8865d' failed
make[1]: *** [cmTC_8865d] Error 1
make[1]: Leaving directory '/home/elias/3140gruppeoppgave/crust_ws/build/CMakeFiles/CMakeTmp'
Makefile:126: recipe for target 'cmTC_8865d/fast' failed
make: *** [cmTC_8865d/fast] Error 2


